This is pdfTeX, Version 3.141592653-2.6-1.40.25 (MiKTeX 24.1) (preloaded format=pdflatex 2025.11.12)  23 DEC 2025 07:36
entering extended mode
 restricted \write18 enabled.
 %&-line parsing enabled.
**./sample_clustering.tex
(sample_clustering.tex
LaTeX2e <2023-11-01> patch level 1
L3 programming layer <2024-01-04>

(C:\Users\Saugat Khatiwada\AppData\Local\Programs\MiKTeX\tex/latex/beamer\beame
r.cls
Document Class: beamer 2025/08/13 v3.76 A class for typesetting presentations

(C:\Users\Saugat Khatiwada\AppData\Local\Programs\MiKTeX\tex/latex/beamer\beame
rbasemodes.sty
(C:\Users\Saugat Khatiwada\AppData\Local\Programs\MiKTeX\tex/latex/etoolbox\eto
olbox.sty
Package: etoolbox 2020/10/05 v2.5k e-TeX tools for LaTeX (JAW)
\etb@tempcnta=\count187
)
\beamer@tempbox=\box51
\beamer@tempcount=\count188
\c@beamerpauses=\count189

(C:\Users\Saugat Khatiwada\AppData\Local\Programs\MiKTeX\tex/latex/beamer\beame
rbasedecode.sty
\beamer@slideinframe=\count190
\beamer@minimum=\count191
\beamer@decode@box=\box52
)
\beamer@commentbox=\box53
\beamer@modecount=\count192
)
(C:\Users\Saugat Khatiwada\AppData\Local\Programs\MiKTeX\tex/generic/iftex\ifte
x.sty
Package: iftex 2022/02/03 v1.0f TeX engine tests
)
\headdp=\dimen140
\footheight=\dimen141
\sidebarheight=\dimen142
\beamer@tempdim=\dimen143
\beamer@finalheight=\dimen144
\beamer@animht=\dimen145
\beamer@animdp=\dimen146
\beamer@animwd=\dimen147
\beamer@leftmargin=\dimen148
\beamer@rightmargin=\dimen149
\beamer@leftsidebar=\dimen150
\beamer@rightsidebar=\dimen151
\beamer@boxsize=\dimen152
\beamer@vboxoffset=\dimen153
\beamer@descdefault=\dimen154
\beamer@descriptionwidth=\dimen155
\beamer@lastskip=\skip48
\beamer@areabox=\box54
\beamer@animcurrent=\box55
\beamer@animshowbox=\box56
\beamer@sectionbox=\box57
\beamer@logobox=\box58
\beamer@linebox=\box59
\beamer@sectioncount=\count193
\beamer@subsubsectionmax=\count194
\beamer@subsectionmax=\count195
\beamer@sectionmax=\count196
\beamer@totalheads=\count197
\beamer@headcounter=\count198
\beamer@partstartpage=\count199
\beamer@sectionstartpage=\count266
\beamer@subsectionstartpage=\count267
\beamer@animationtempa=\count268
\beamer@animationtempb=\count269
\beamer@xpos=\count270
\beamer@ypos=\count271
\beamer@ypos@offset=\count272
\beamer@showpartnumber=\count273
\beamer@currentsubsection=\count274
\beamer@coveringdepth=\count275
\beamer@sectionadjust=\count276
\beamer@toclastsection=\count277
\beamer@tocsectionnumber=\count278

(C:\Users\Saugat Khatiwada\AppData\Local\Programs\MiKTeX\tex/latex/beamer\beame
rbaseoptions.sty
(C:\Users\Saugat Khatiwada\AppData\Local\Programs\MiKTeX\tex/latex/graphics\key
val.sty
Package: keyval 2022/05/29 v1.15 key=value parser (DPC)
\KV@toks@=\toks17
))
\beamer@paperwidth=\skip49
\beamer@paperheight=\skip50

(C:\Users\Saugat Khatiwada\AppData\Local\Programs\MiKTeX\tex/latex/geometry\geo
metry.sty
Package: geometry 2020/01/02 v5.9 Page Geometry

(C:\Users\Saugat Khatiwada\AppData\Local\Programs\MiKTeX\tex/generic/iftex\ifvt
ex.sty
Package: ifvtex 2019/10/25 v1.7 ifvtex legacy package. Use iftex instead.
)
\Gm@cnth=\count279
\Gm@cntv=\count280
\c@Gm@tempcnt=\count281
\Gm@bindingoffset=\dimen156
\Gm@wd@mp=\dimen157
\Gm@odd@mp=\dimen158
\Gm@even@mp=\dimen159
\Gm@layoutwidth=\dimen160
\Gm@layoutheight=\dimen161
\Gm@layouthoffset=\dimen162
\Gm@layoutvoffset=\dimen163
\Gm@dimlist=\toks18

(C:\Users\Saugat Khatiwada\AppData\Local\Programs\MiKTeX\tex/latex/geometry\geo
metry.cfg))
(C:\Users\Saugat Khatiwada\AppData\Local\Programs\MiKTeX\tex/latex/pgf/math\pgf
math.sty
(C:\Users\Saugat Khatiwada\AppData\Local\Programs\MiKTeX\tex/latex/pgf/utilitie
s\pgfrcs.sty
(C:\Users\Saugat Khatiwada\AppData\Local\Programs\MiKTeX\tex/generic/pgf/utilit
ies\pgfutil-common.tex
\pgfutil@everybye=\toks19
\pgfutil@tempdima=\dimen164
\pgfutil@tempdimb=\dimen165
)
(C:\Users\Saugat Khatiwada\AppData\Local\Programs\MiKTeX\tex/generic/pgf/utilit
ies\pgfutil-latex.def
\pgfutil@abb=\box60
)
(C:\Users\Saugat Khatiwada\AppData\Local\Programs\MiKTeX\tex/generic/pgf/utilit
ies\pgfrcs.code.tex
(C:\Users\Saugat Khatiwada\AppData\Local\Programs\MiKTeX\tex/generic/pgf\pgf.re
vision.tex)
Package: pgfrcs 2023-01-15 v3.1.10 (3.1.10)
))
(C:\Users\Saugat Khatiwada\AppData\Local\Programs\MiKTeX\tex/latex/pgf/utilitie
s\pgfkeys.sty
(C:\Users\Saugat Khatiwada\AppData\Local\Programs\MiKTeX\tex/generic/pgf/utilit
ies\pgfkeys.code.tex
\pgfkeys@pathtoks=\toks20
\pgfkeys@temptoks=\toks21

(C:\Users\Saugat Khatiwada\AppData\Local\Programs\MiKTeX\tex/generic/pgf/utilit
ies\pgfkeyslibraryfiltered.code.tex
\pgfkeys@tmptoks=\toks22
)))
(C:\Users\Saugat Khatiwada\AppData\Local\Programs\MiKTeX\tex/generic/pgf/math\p
gfmath.code.tex
(C:\Users\Saugat Khatiwada\AppData\Local\Programs\MiKTeX\tex/generic/pgf/math\p
gfmathutil.code.tex
\pgf@x=\dimen166
\pgf@xa=\dimen167
\pgf@xb=\dimen168
\pgf@xc=\dimen169
\pgf@y=\dimen170
\pgf@ya=\dimen171
\pgf@yb=\dimen172
\pgf@yc=\dimen173
\c@pgf@counta=\count282
\c@pgf@countb=\count283
\c@pgf@countc=\count284
\c@pgf@countd=\count285
)
(C:\Users\Saugat Khatiwada\AppData\Local\Programs\MiKTeX\tex/generic/pgf/math\p
gfmathparser.code.tex
\pgfmath@dimen=\dimen174
\pgfmath@count=\count286
\pgfmath@box=\box61
\pgfmath@toks=\toks23
\pgfmath@stack@operand=\toks24
\pgfmath@stack@operation=\toks25
)
(C:\Users\Saugat Khatiwada\AppData\Local\Programs\MiKTeX\tex/generic/pgf/math\p
gfmathfunctions.code.tex)
(C:\Users\Saugat Khatiwada\AppData\Local\Programs\MiKTeX\tex/generic/pgf/math\p
gfmathfunctions.basic.code.tex)
(C:\Users\Saugat Khatiwada\AppData\Local\Programs\MiKTeX\tex/generic/pgf/math\p
gfmathfunctions.trigonometric.code.tex)
(C:\Users\Saugat Khatiwada\AppData\Local\Programs\MiKTeX\tex/generic/pgf/math\p
gfmathfunctions.random.code.tex)
(C:\Users\Saugat Khatiwada\AppData\Local\Programs\MiKTeX\tex/generic/pgf/math\p
gfmathfunctions.comparison.code.tex)
(C:\Users\Saugat Khatiwada\AppData\Local\Programs\MiKTeX\tex/generic/pgf/math\p
gfmathfunctions.base.code.tex)
(C:\Users\Saugat Khatiwada\AppData\Local\Programs\MiKTeX\tex/generic/pgf/math\p
gfmathfunctions.round.code.tex)
(C:\Users\Saugat Khatiwada\AppData\Local\Programs\MiKTeX\tex/generic/pgf/math\p
gfmathfunctions.misc.code.tex)
(C:\Users\Saugat Khatiwada\AppData\Local\Programs\MiKTeX\tex/generic/pgf/math\p
gfmathfunctions.integerarithmetics.code.tex)
(C:\Users\Saugat Khatiwada\AppData\Local\Programs\MiKTeX\tex/generic/pgf/math\p
gfmathcalc.code.tex)
(C:\Users\Saugat Khatiwada\AppData\Local\Programs\MiKTeX\tex/generic/pgf/math\p
gfmathfloat.code.tex
\c@pgfmathroundto@lastzeros=\count287
)))
(C:\Users\Saugat Khatiwada\AppData\Local\Programs\MiKTeX\tex/latex/base\size10.
clo
File: size10.clo 2023/05/17 v1.4n Standard LaTeX file (size option)
)
(C:\Users\Saugat Khatiwada\AppData\Local\Programs\MiKTeX\tex/latex/pgf/basiclay
er\pgfcore.sty
(C:\Users\Saugat Khatiwada\AppData\Local\Programs\MiKTeX\tex/latex/graphics\gra
phicx.sty
Package: graphicx 2021/09/16 v1.2d Enhanced LaTeX Graphics (DPC,SPQR)

(C:\Users\Saugat Khatiwada\AppData\Local\Programs\MiKTeX\tex/latex/graphics\gra
phics.sty
Package: graphics 2022/03/10 v1.4e Standard LaTeX Graphics (DPC,SPQR)

(C:\Users\Saugat Khatiwada\AppData\Local\Programs\MiKTeX\tex/latex/graphics\tri
g.sty
Package: trig 2021/08/11 v1.11 sin cos tan (DPC)
)
(C:\Users\Saugat Khatiwada\AppData\Local\Programs\MiKTeX\tex/latex/graphics-cfg
\graphics.cfg
File: graphics.cfg 2016/06/04 v1.11 sample graphics configuration
)
Package graphics Info: Driver file: pdftex.def on input line 107.

(C:\Users\Saugat Khatiwada\AppData\Local\Programs\MiKTeX\tex/latex/graphics-def
\pdftex.def
File: pdftex.def 2022/09/22 v1.2b Graphics/color driver for pdftex
))
\Gin@req@height=\dimen175
\Gin@req@width=\dimen176
)
(C:\Users\Saugat Khatiwada\AppData\Local\Programs\MiKTeX\tex/latex/pgf/systemla
yer\pgfsys.sty
(C:\Users\Saugat Khatiwada\AppData\Local\Programs\MiKTeX\tex/generic/pgf/system
layer\pgfsys.code.tex
Package: pgfsys 2023-01-15 v3.1.10 (3.1.10)
\pgf@x=\dimen177
\pgf@y=\dimen178
\pgf@xa=\dimen179
\pgf@ya=\dimen180
\pgf@xb=\dimen181
\pgf@yb=\dimen182
\pgf@xc=\dimen183
\pgf@yc=\dimen184
\pgf@xd=\dimen185
\pgf@yd=\dimen186
\w@pgf@writea=\write3
\r@pgf@reada=\read2
\c@pgf@counta=\count288
\c@pgf@countb=\count289
\c@pgf@countc=\count290
\c@pgf@countd=\count291
\t@pgf@toka=\toks26
\t@pgf@tokb=\toks27
\t@pgf@tokc=\toks28
\pgf@sys@id@count=\count292

(C:\Users\Saugat Khatiwada\AppData\Local\Programs\MiKTeX\tex/generic/pgf/system
layer\pgf.cfg
File: pgf.cfg 2023-01-15 v3.1.10 (3.1.10)
)
Driver file for pgf: pgfsys-pdftex.def

(C:\Users\Saugat Khatiwada\AppData\Local\Programs\MiKTeX\tex/generic/pgf/system
layer\pgfsys-pdftex.def
File: pgfsys-pdftex.def 2023-01-15 v3.1.10 (3.1.10)

(C:\Users\Saugat Khatiwada\AppData\Local\Programs\MiKTeX\tex/generic/pgf/system
layer\pgfsys-common-pdf.def
File: pgfsys-common-pdf.def 2023-01-15 v3.1.10 (3.1.10)
)))
(C:\Users\Saugat Khatiwada\AppData\Local\Programs\MiKTeX\tex/generic/pgf/system
layer\pgfsyssoftpath.code.tex
File: pgfsyssoftpath.code.tex 2023-01-15 v3.1.10 (3.1.10)
\pgfsyssoftpath@smallbuffer@items=\count293
\pgfsyssoftpath@bigbuffer@items=\count294
)
(C:\Users\Saugat Khatiwada\AppData\Local\Programs\MiKTeX\tex/generic/pgf/system
layer\pgfsysprotocol.code.tex
File: pgfsysprotocol.code.tex 2023-01-15 v3.1.10 (3.1.10)
))
(C:\Users\Saugat Khatiwada\AppData\Local\Programs\MiKTeX\tex/latex/xcolor\xcolo
r.sty
Package: xcolor 2023/11/15 v3.01 LaTeX color extensions (UK)

(C:\Users\Saugat Khatiwada\AppData\Local\Programs\MiKTeX\tex/latex/graphics-cfg
\color.cfg
File: color.cfg 2016/01/02 v1.6 sample color configuration
)
Package xcolor Info: Driver file: pdftex.def on input line 274.

(C:\Users\Saugat Khatiwada\AppData\Local\Programs\MiKTeX\tex/latex/graphics\mat
hcolor.ltx)
Package xcolor Info: Model `cmy' substituted by `cmy0' on input line 1350.
Package xcolor Info: Model `hsb' substituted by `rgb' on input line 1354.
Package xcolor Info: Model `RGB' extended on input line 1366.
Package xcolor Info: Model `HTML' substituted by `rgb' on input line 1368.
Package xcolor Info: Model `Hsb' substituted by `hsb' on input line 1369.
Package xcolor Info: Model `tHsb' substituted by `hsb' on input line 1370.
Package xcolor Info: Model `HSB' substituted by `hsb' on input line 1371.
Package xcolor Info: Model `Gray' substituted by `gray' on input line 1372.
Package xcolor Info: Model `wave' substituted by `hsb' on input line 1373.
)
(C:\Users\Saugat Khatiwada\AppData\Local\Programs\MiKTeX\tex/generic/pgf/basicl
ayer\pgfcore.code.tex
Package: pgfcore 2023-01-15 v3.1.10 (3.1.10)

(C:\Users\Saugat Khatiwada\AppData\Local\Programs\MiKTeX\tex/generic/pgf/math\p
gfint.code.tex)
(C:\Users\Saugat Khatiwada\AppData\Local\Programs\MiKTeX\tex/generic/pgf/basicl
ayer\pgfcorepoints.code.tex
File: pgfcorepoints.code.tex 2023-01-15 v3.1.10 (3.1.10)
\pgf@picminx=\dimen187
\pgf@picmaxx=\dimen188
\pgf@picminy=\dimen189
\pgf@picmaxy=\dimen190
\pgf@pathminx=\dimen191
\pgf@pathmaxx=\dimen192
\pgf@pathminy=\dimen193
\pgf@pathmaxy=\dimen194
\pgf@xx=\dimen195
\pgf@xy=\dimen196
\pgf@yx=\dimen197
\pgf@yy=\dimen198
\pgf@zx=\dimen199
\pgf@zy=\dimen256
)
(C:\Users\Saugat Khatiwada\AppData\Local\Programs\MiKTeX\tex/generic/pgf/basicl
ayer\pgfcorepathconstruct.code.tex
File: pgfcorepathconstruct.code.tex 2023-01-15 v3.1.10 (3.1.10)
\pgf@path@lastx=\dimen257
\pgf@path@lasty=\dimen258
)
(C:\Users\Saugat Khatiwada\AppData\Local\Programs\MiKTeX\tex/generic/pgf/basicl
ayer\pgfcorepathusage.code.tex
File: pgfcorepathusage.code.tex 2023-01-15 v3.1.10 (3.1.10)
\pgf@shorten@end@additional=\dimen259
\pgf@shorten@start@additional=\dimen260
)
(C:\Users\Saugat Khatiwada\AppData\Local\Programs\MiKTeX\tex/generic/pgf/basicl
ayer\pgfcorescopes.code.tex
File: pgfcorescopes.code.tex 2023-01-15 v3.1.10 (3.1.10)
\pgfpic=\box62
\pgf@hbox=\box63
\pgf@layerbox@main=\box64
\pgf@picture@serial@count=\count295
)
(C:\Users\Saugat Khatiwada\AppData\Local\Programs\MiKTeX\tex/generic/pgf/basicl
ayer\pgfcoregraphicstate.code.tex
File: pgfcoregraphicstate.code.tex 2023-01-15 v3.1.10 (3.1.10)
\pgflinewidth=\dimen261
)
(C:\Users\Saugat Khatiwada\AppData\Local\Programs\MiKTeX\tex/generic/pgf/basicl
ayer\pgfcoretransformations.code.tex
File: pgfcoretransformations.code.tex 2023-01-15 v3.1.10 (3.1.10)
\pgf@pt@x=\dimen262
\pgf@pt@y=\dimen263
\pgf@pt@temp=\dimen264
)
(C:\Users\Saugat Khatiwada\AppData\Local\Programs\MiKTeX\tex/generic/pgf/basicl
ayer\pgfcorequick.code.tex
File: pgfcorequick.code.tex 2023-01-15 v3.1.10 (3.1.10)
)
(C:\Users\Saugat Khatiwada\AppData\Local\Programs\MiKTeX\tex/generic/pgf/basicl
ayer\pgfcoreobjects.code.tex
File: pgfcoreobjects.code.tex 2023-01-15 v3.1.10 (3.1.10)
)
(C:\Users\Saugat Khatiwada\AppData\Local\Programs\MiKTeX\tex/generic/pgf/basicl
ayer\pgfcorepathprocessing.code.tex
File: pgfcorepathprocessing.code.tex 2023-01-15 v3.1.10 (3.1.10)
)
(C:\Users\Saugat Khatiwada\AppData\Local\Programs\MiKTeX\tex/generic/pgf/basicl
ayer\pgfcorearrows.code.tex
File: pgfcorearrows.code.tex 2023-01-15 v3.1.10 (3.1.10)
\pgfarrowsep=\dimen265
)
(C:\Users\Saugat Khatiwada\AppData\Local\Programs\MiKTeX\tex/generic/pgf/basicl
ayer\pgfcoreshade.code.tex
File: pgfcoreshade.code.tex 2023-01-15 v3.1.10 (3.1.10)
\pgf@max=\dimen266
\pgf@sys@shading@range@num=\count296
\pgf@shadingcount=\count297
)
(C:\Users\Saugat Khatiwada\AppData\Local\Programs\MiKTeX\tex/generic/pgf/basicl
ayer\pgfcoreimage.code.tex
File: pgfcoreimage.code.tex 2023-01-15 v3.1.10 (3.1.10)
)
(C:\Users\Saugat Khatiwada\AppData\Local\Programs\MiKTeX\tex/generic/pgf/basicl
ayer\pgfcoreexternal.code.tex
File: pgfcoreexternal.code.tex 2023-01-15 v3.1.10 (3.1.10)
\pgfexternal@startupbox=\box65
)
(C:\Users\Saugat Khatiwada\AppData\Local\Programs\MiKTeX\tex/generic/pgf/basicl
ayer\pgfcorelayers.code.tex
File: pgfcorelayers.code.tex 2023-01-15 v3.1.10 (3.1.10)
)
(C:\Users\Saugat Khatiwada\AppData\Local\Programs\MiKTeX\tex/generic/pgf/basicl
ayer\pgfcoretransparency.code.tex
File: pgfcoretransparency.code.tex 2023-01-15 v3.1.10 (3.1.10)
)
(C:\Users\Saugat Khatiwada\AppData\Local\Programs\MiKTeX\tex/generic/pgf/basicl
ayer\pgfcorepatterns.code.tex
File: pgfcorepatterns.code.tex 2023-01-15 v3.1.10 (3.1.10)
)
(C:\Users\Saugat Khatiwada\AppData\Local\Programs\MiKTeX\tex/generic/pgf/basicl
ayer\pgfcorerdf.code.tex
File: pgfcorerdf.code.tex 2023-01-15 v3.1.10 (3.1.10)
)))
(C:\Users\Saugat Khatiwada\AppData\Local\Programs\MiKTeX\tex/latex/pgf/utilitie
s\xxcolor.sty
Package: xxcolor 2003/10/24 ver 0.1
\XC@nummixins=\count298
\XC@countmixins=\count299
)
(C:\Users\Saugat Khatiwada\AppData\Local\Programs\MiKTeX\tex/latex/base\atbegsh
i-ltx.sty
Package: atbegshi-ltx 2021/01/10 v1.0c Emulation of the original atbegshi
package with kernel methods
)
(C:\Users\Saugat Khatiwada\AppData\Local\Programs\MiKTeX\tex/latex/hyperref\hyp
erref.sty
Package: hyperref 2023-11-26 v7.01g Hypertext links for LaTeX

(C:\Users\Saugat Khatiwada\AppData\Local\Programs\MiKTeX\tex/generic/infwarerr\
infwarerr.sty
Package: infwarerr 2019/12/03 v1.5 Providing info/warning/error messages (HO)
)
(C:\Users\Saugat Khatiwada\AppData\Local\Programs\MiKTeX\tex/latex/kvsetkeys\kv
setkeys.sty
Package: kvsetkeys 2022-10-05 v1.19 Key value parser (HO)
)
(C:\Users\Saugat Khatiwada\AppData\Local\Programs\MiKTeX\tex/generic/kvdefineke
ys\kvdefinekeys.sty
Package: kvdefinekeys 2019-12-19 v1.6 Define keys (HO)
)
(C:\Users\Saugat Khatiwada\AppData\Local\Programs\MiKTeX\tex/generic/pdfescape\
pdfescape.sty
Package: pdfescape 2019/12/09 v1.15 Implements pdfTeX's escape features (HO)

(C:\Users\Saugat Khatiwada\AppData\Local\Programs\MiKTeX\tex/generic/ltxcmds\lt
xcmds.sty
Package: ltxcmds 2023-12-04 v1.26 LaTeX kernel commands for general use (HO)
)
(C:\Users\Saugat Khatiwada\AppData\Local\Programs\MiKTeX\tex/generic/pdftexcmds
\pdftexcmds.sty
Package: pdftexcmds 2020-06-27 v0.33 Utility functions of pdfTeX for LuaTeX (HO
)
Package pdftexcmds Info: \pdf@primitive is available.
Package pdftexcmds Info: \pdf@ifprimitive is available.
Package pdftexcmds Info: \pdfdraftmode found.
))
(C:\Users\Saugat Khatiwada\AppData\Local\Programs\MiKTeX\tex/latex/hycolor\hyco
lor.sty
Package: hycolor 2020-01-27 v1.10 Color options for hyperref/bookmark (HO)
)
(C:\Users\Saugat Khatiwada\AppData\Local\Programs\MiKTeX\tex/latex/letltxmacro\
letltxmacro.sty
Package: letltxmacro 2019/12/03 v1.6 Let assignment for LaTeX macros (HO)
)
(C:\Users\Saugat Khatiwada\AppData\Local\Programs\MiKTeX\tex/latex/auxhook\auxh
ook.sty
Package: auxhook 2019-12-17 v1.6 Hooks for auxiliary files (HO)
)
(C:\Users\Saugat Khatiwada\AppData\Local\Programs\MiKTeX\tex/latex/hyperref\nam
eref.sty
Package: nameref 2023-11-26 v2.56 Cross-referencing by name of section

(C:\Users\Saugat Khatiwada\AppData\Local\Programs\MiKTeX\tex/latex/refcount\ref
count.sty
Package: refcount 2019/12/15 v3.6 Data extraction from label references (HO)
)
(C:\Users\Saugat Khatiwada\AppData\Local\Programs\MiKTeX\tex/generic/gettitlest
ring\gettitlestring.sty
Package: gettitlestring 2019/12/15 v1.6 Cleanup title references (HO)

(C:\Users\Saugat Khatiwada\AppData\Local\Programs\MiKTeX\tex/latex/kvoptions\kv
options.sty
Package: kvoptions 2022-06-15 v3.15 Key value format for package options (HO)
))
\c@section@level=\count300
)
\@linkdim=\dimen267
\Hy@linkcounter=\count301
\Hy@pagecounter=\count302

(C:\Users\Saugat Khatiwada\AppData\Local\Programs\MiKTeX\tex/latex/hyperref\pd1
enc.def
File: pd1enc.def 2023-11-26 v7.01g Hyperref: PDFDocEncoding definition (HO)
Now handling font encoding PD1 ...
... no UTF-8 mapping file for font encoding PD1
)
(C:\Users\Saugat Khatiwada\AppData\Local\Programs\MiKTeX\tex/generic/intcalc\in
tcalc.sty
Package: intcalc 2019/12/15 v1.3 Expandable calculations with integers (HO)
)
\Hy@SavedSpaceFactor=\count303

(C:\Users\Saugat Khatiwada\AppData\Local\Programs\MiKTeX\tex/latex/hyperref\pue
nc.def
File: puenc.def 2023-11-26 v7.01g Hyperref: PDF Unicode definition (HO)
Now handling font encoding PU ...
... no UTF-8 mapping file for font encoding PU
)
Package hyperref Info: Option `bookmarks' set `true' on input line 4064.
Package hyperref Info: Option `bookmarksopen' set `true' on input line 4064.
Package hyperref Info: Option `implicit' set `false' on input line 4064.
Package hyperref Info: Hyper figures OFF on input line 4181.
Package hyperref Info: Link nesting OFF on input line 4186.
Package hyperref Info: Hyper index ON on input line 4189.
Package hyperref Info: Plain pages OFF on input line 4196.
Package hyperref Info: Backreferencing OFF on input line 4201.
Package hyperref Info: Implicit mode OFF; no redefinition of LaTeX internals.
Package hyperref Info: Bookmarks ON on input line 4448.
\c@Hy@tempcnt=\count304

(C:\Users\Saugat Khatiwada\AppData\Local\Programs\MiKTeX\tex/latex/url\url.sty
\Urlmuskip=\muskip16
Package: url 2013/09/16  ver 3.4  Verb mode for urls, etc.
)
LaTeX Info: Redefining \url on input line 4786.
\XeTeXLinkMargin=\dimen268

(C:\Users\Saugat Khatiwada\AppData\Local\Programs\MiKTeX\tex/generic/bitset\bit
set.sty
Package: bitset 2019/12/09 v1.3 Handle bit-vector datatype (HO)

(C:\Users\Saugat Khatiwada\AppData\Local\Programs\MiKTeX\tex/generic/bigintcalc
\bigintcalc.sty
Package: bigintcalc 2019/12/15 v1.5 Expandable calculations on big integers (HO
)
))
\Fld@menulength=\count305
\Field@Width=\dimen269
\Fld@charsize=\dimen270
Package hyperref Info: Hyper figures OFF on input line 6065.
Package hyperref Info: Link nesting OFF on input line 6070.
Package hyperref Info: Hyper index ON on input line 6073.
Package hyperref Info: backreferencing OFF on input line 6080.
Package hyperref Info: Link coloring OFF on input line 6085.
Package hyperref Info: Link coloring with OCG OFF on input line 6090.
Package hyperref Info: PDF/A mode OFF on input line 6095.
\Hy@abspage=\count306


Package hyperref Message: Stopped early.

)
Package hyperref Info: Driver (autodetected): hpdftex.

(C:\Users\Saugat Khatiwada\AppData\Local\Programs\MiKTeX\tex/latex/hyperref\hpd
ftex.def
File: hpdftex.def 2023-11-26 v7.01g Hyperref driver for pdfTeX

(C:\Users\Saugat Khatiwada\AppData\Local\Programs\MiKTeX\tex/latex/base\atverye
nd-ltx.sty
Package: atveryend-ltx 2020/08/19 v1.0a Emulation of the original atveryend pac
kage
with kernel methods
)
\Fld@listcount=\count307
\c@bookmark@seq@number=\count308

(C:\Users\Saugat Khatiwada\AppData\Local\Programs\MiKTeX\tex/latex/rerunfileche
ck\rerunfilecheck.sty
Package: rerunfilecheck 2025-06-21 v1.11 Rerun checks for auxiliary files (HO)

(C:\Users\Saugat Khatiwada\AppData\Local\Programs\MiKTeX\tex/generic/uniquecoun
ter\uniquecounter.sty
Package: uniquecounter 2019/12/15 v1.4 Provide unlimited unique counter (HO)
)
Package uniquecounter Info: New unique counter `rerunfilecheck' on input line 2
84.
))
(C:\Users\Saugat Khatiwada\AppData\Local\Programs\MiKTeX\tex/latex/beamer\beame
rbaserequires.sty
(C:\Users\Saugat Khatiwada\AppData\Local\Programs\MiKTeX\tex/latex/beamer\beame
rbasecompatibility.sty)
(C:\Users\Saugat Khatiwada\AppData\Local\Programs\MiKTeX\tex/latex/beamer\beame
rbasefont.sty
(C:\Users\Saugat Khatiwada\AppData\Local\Programs\MiKTeX\tex/latex/amsfonts\ams
symb.sty
Package: amssymb 2013/01/14 v3.01 AMS font symbols

(C:\Users\Saugat Khatiwada\AppData\Local\Programs\MiKTeX\tex/latex/amsfonts\ams
fonts.sty
Package: amsfonts 2013/01/14 v3.01 Basic AMSFonts support
\@emptytoks=\toks29
\symAMSa=\mathgroup4
\symAMSb=\mathgroup5
LaTeX Font Info:    Redeclaring math symbol \hbar on input line 98.
LaTeX Font Info:    Overwriting math alphabet `\mathfrak' in version `bold'
(Font)                  U/euf/m/n --> U/euf/b/n on input line 106.
))
(C:\Users\Saugat Khatiwada\AppData\Local\Programs\MiKTeX\tex/latex/sansmathacce
nt\sansmathaccent.sty
Package: sansmathaccent 2020/01/31

(C:\Users\Saugat Khatiwada\AppData\Local\Programs\MiKTeX\tex/latex/koma-script\
scrlfile.sty
Package: scrlfile 2025/09/09 v3.48 KOMA-Script package (file load hooks)

(C:\Users\Saugat Khatiwada\AppData\Local\Programs\MiKTeX\tex/latex/koma-script\
scrlfile-hook.sty
Package: scrlfile-hook 2025/09/09 v3.48 KOMA-Script package (using LaTeX hooks)


(C:\Users\Saugat Khatiwada\AppData\Local\Programs\MiKTeX\tex/latex/koma-script\
scrlogo.sty
Package: scrlogo 2025/09/09 v3.48 KOMA-Script package (logo)
)))))
(C:\Users\Saugat Khatiwada\AppData\Local\Programs\MiKTeX\tex/latex/beamer\beame
rbasetranslator.sty
(C:\Users\Saugat Khatiwada\AppData\Local\Programs\MiKTeX\tex/latex/translator\t
ranslator.sty
Package: translator 2021-05-31 v1.12d Easy translation of strings in LaTeX
))
(C:\Users\Saugat Khatiwada\AppData\Local\Programs\MiKTeX\tex/latex/beamer\beame
rbasemisc.sty)
(C:\Users\Saugat Khatiwada\AppData\Local\Programs\MiKTeX\tex/latex/beamer\beame
rbasetwoscreens.sty)
(C:\Users\Saugat Khatiwada\AppData\Local\Programs\MiKTeX\tex/latex/beamer\beame
rbaseoverlay.sty
\beamer@argscount=\count309
\beamer@lastskipcover=\skip51
\beamer@trivlistdepth=\count310
)
(C:\Users\Saugat Khatiwada\AppData\Local\Programs\MiKTeX\tex/latex/beamer\beame
rbasetitle.sty)
(C:\Users\Saugat Khatiwada\AppData\Local\Programs\MiKTeX\tex/latex/beamer\beame
rbasesection.sty
\c@lecture=\count311
\c@part=\count312
\c@section=\count313
\c@subsection=\count314
\c@subsubsection=\count315
)
(C:\Users\Saugat Khatiwada\AppData\Local\Programs\MiKTeX\tex/latex/beamer\beame
rbaseframe.sty
\beamer@framebox=\box66
\beamer@frametitlebox=\box67
\beamer@zoombox=\box68
\beamer@zoomcount=\count316
\beamer@zoomframecount=\count317
\beamer@frametextheight=\dimen271
\c@subsectionslide=\count318
\beamer@frametopskip=\skip52
\beamer@framebottomskip=\skip53
\beamer@frametopskipautobreak=\skip54
\beamer@framebottomskipautobreak=\skip55
\beamer@envbody=\toks30
\framewidth=\dimen272
\c@framenumber=\count319
)
(C:\Users\Saugat Khatiwada\AppData\Local\Programs\MiKTeX\tex/latex/beamer\beame
rbaseverbatim.sty
\beamer@verbatimfileout=\write4
)
(C:\Users\Saugat Khatiwada\AppData\Local\Programs\MiKTeX\tex/latex/beamer\beame
rbaseframesize.sty
\beamer@splitbox=\box69
\beamer@autobreakcount=\count320
\beamer@autobreaklastheight=\dimen273
\beamer@frametitletoks=\toks31
\beamer@framesubtitletoks=\toks32
)
(C:\Users\Saugat Khatiwada\AppData\Local\Programs\MiKTeX\tex/latex/beamer\beame
rbaseframecomponents.sty
\beamer@colheight=\skip56
\beamer@footins=\box70
)
(C:\Users\Saugat Khatiwada\AppData\Local\Programs\MiKTeX\tex/latex/beamer\beame
rbasecolor.sty)
(C:\Users\Saugat Khatiwada\AppData\Local\Programs\MiKTeX\tex/latex/beamer\beame
rbasenotes.sty
\beamer@frameboxcopy=\box71
)
(C:\Users\Saugat Khatiwada\AppData\Local\Programs\MiKTeX\tex/latex/beamer\beame
rbasetoc.sty)
(C:\Users\Saugat Khatiwada\AppData\Local\Programs\MiKTeX\tex/latex/beamer\beame
rbasetemplates.sty
\beamer@sbttoks=\toks33

(C:\Users\Saugat Khatiwada\AppData\Local\Programs\MiKTeX\tex/latex/beamer\beame
rbaseauxtemplates.sty
(C:\Users\Saugat Khatiwada\AppData\Local\Programs\MiKTeX\tex/latex/beamer\beame
rbaseboxes.sty
\bmb@box=\box72
\bmb@colorbox=\box73
\bmb@boxwidth=\dimen274
\bmb@boxheight=\dimen275
\bmb@prevheight=\dimen276
\bmb@temp=\dimen277
\bmb@dima=\dimen278
\bmb@dimb=\dimen279
\bmb@prevheight=\dimen280
)
\beamer@blockheadheight=\dimen281
))
(C:\Users\Saugat Khatiwada\AppData\Local\Programs\MiKTeX\tex/latex/beamer\beame
rbaselocalstructure.sty
(C:\Users\Saugat Khatiwada\AppData\Local\Programs\MiKTeX\tex/latex/tools\enumer
ate.sty
Package: enumerate 2023/07/04 v3.00 enumerate extensions (DPC)
\@enLab=\toks34
)
\beamer@bibiconwidth=\skip57
\c@figure=\count321
\c@table=\count322
\abovecaptionskip=\skip58
\belowcaptionskip=\skip59
)
(C:\Users\Saugat Khatiwada\AppData\Local\Programs\MiKTeX\tex/latex/beamer\beame
rbasenavigation.sty
(C:\Users\Saugat Khatiwada\AppData\Local\Programs\MiKTeX\tex/latex/beamer\beame
rbasenavigationsymbols.tex)
\beamer@section@min@dim=\dimen282
)
(C:\Users\Saugat Khatiwada\AppData\Local\Programs\MiKTeX\tex/latex/beamer\beame
rbasetheorems.sty
(C:\Users\Saugat Khatiwada\AppData\Local\Programs\MiKTeX\tex/latex/amsmath\amsm
ath.sty
Package: amsmath 2023/05/13 v2.17o AMS math features
\@mathmargin=\skip60

For additional information on amsmath, use the `?' option.

(C:\Users\Saugat Khatiwada\AppData\Local\Programs\MiKTeX\tex/latex/amsmath\amst
ext.sty
Package: amstext 2021/08/26 v2.01 AMS text

(C:\Users\Saugat Khatiwada\AppData\Local\Programs\MiKTeX\tex/latex/amsmath\amsg
en.sty
File: amsgen.sty 1999/11/30 v2.0 generic functions
\@emptytoks=\toks35
\ex@=\dimen283
))
(C:\Users\Saugat Khatiwada\AppData\Local\Programs\MiKTeX\tex/latex/amsmath\amsb
sy.sty
Package: amsbsy 1999/11/29 v1.2d Bold Symbols
\pmbraise@=\dimen284
)
(C:\Users\Saugat Khatiwada\AppData\Local\Programs\MiKTeX\tex/latex/amsmath\amso
pn.sty
Package: amsopn 2022/04/08 v2.04 operator names
)
\inf@bad=\count323
LaTeX Info: Redefining \frac on input line 234.
\uproot@=\count324
\leftroot@=\count325
LaTeX Info: Redefining \overline on input line 399.
LaTeX Info: Redefining \colon on input line 410.
\classnum@=\count326
\DOTSCASE@=\count327
LaTeX Info: Redefining \ldots on input line 496.
LaTeX Info: Redefining \dots on input line 499.
LaTeX Info: Redefining \cdots on input line 620.
\Mathstrutbox@=\box74
\strutbox@=\box75
LaTeX Info: Redefining \big on input line 722.
LaTeX Info: Redefining \Big on input line 723.
LaTeX Info: Redefining \bigg on input line 724.
LaTeX Info: Redefining \Bigg on input line 725.
\big@size=\dimen285
LaTeX Font Info:    Redeclaring font encoding OML on input line 743.
LaTeX Font Info:    Redeclaring font encoding OMS on input line 744.
\macc@depth=\count328
LaTeX Info: Redefining \bmod on input line 905.
LaTeX Info: Redefining \pmod on input line 910.
LaTeX Info: Redefining \smash on input line 940.
LaTeX Info: Redefining \relbar on input line 970.
LaTeX Info: Redefining \Relbar on input line 971.
\c@MaxMatrixCols=\count329
\dotsspace@=\muskip17
\c@parentequation=\count330
\dspbrk@lvl=\count331
\tag@help=\toks36
\row@=\count332
\column@=\count333
\maxfields@=\count334
\andhelp@=\toks37
\eqnshift@=\dimen286
\alignsep@=\dimen287
\tagshift@=\dimen288
\tagwidth@=\dimen289
\totwidth@=\dimen290
\lineht@=\dimen291
\@envbody=\toks38
\multlinegap=\skip61
\multlinetaggap=\skip62
\mathdisplay@stack=\toks39
LaTeX Info: Redefining \[ on input line 2953.
LaTeX Info: Redefining \] on input line 2954.
)
(C:\Users\Saugat Khatiwada\AppData\Local\Programs\MiKTeX\tex/latex/amscls\amsth
m.sty
Package: amsthm 2020/05/29 v2.20.6
\thm@style=\toks40
\thm@bodyfont=\toks41
\thm@headfont=\toks42
\thm@notefont=\toks43
\thm@headpunct=\toks44
\thm@preskip=\skip63
\thm@postskip=\skip64
\thm@headsep=\skip65
\dth@everypar=\toks45
)
\c@theorem=\count335
)
(C:\Users\Saugat Khatiwada\AppData\Local\Programs\MiKTeX\tex/latex/beamer\beame
rbasethemes.sty))
(C:\Users\Saugat Khatiwada\AppData\Local\Programs\MiKTeX\tex/latex/beamer\beame
rthemedefault.sty
(C:\Users\Saugat Khatiwada\AppData\Local\Programs\MiKTeX\tex/latex/beamer\beame
rfontthemedefault.sty)
(C:\Users\Saugat Khatiwada\AppData\Local\Programs\MiKTeX\tex/latex/beamer\beame
rcolorthemedefault.sty)
(C:\Users\Saugat Khatiwada\AppData\Local\Programs\MiKTeX\tex/latex/beamer\beame
rinnerthemedefault.sty
\beamer@dima=\dimen292
\beamer@dimb=\dimen293
)
(C:\Users\Saugat Khatiwada\AppData\Local\Programs\MiKTeX\tex/latex/beamer\beame
routerthemedefault.sty)))
(C:\Users\Saugat Khatiwada\AppData\Local\Programs\MiKTeX\tex/latex/beamertheme-
metropolis\beamerthememetropolis.sty
Package: beamerthememetropolis 2017/01/23 v1.2 Metropolis Beamer theme

(C:\Users\Saugat Khatiwada\AppData\Local\Programs\MiKTeX\tex/latex/pgfopts\pgfo
pts.sty
Package: pgfopts 2014/07/10 v2.1a LaTeX package options with pgfkeys
\pgfopts@list@add@a@toks=\toks46
\pgfopts@list@add@b@toks=\toks47
)
(C:\Users\Saugat Khatiwada\AppData\Local\Programs\MiKTeX\tex/latex/beamertheme-
metropolis\beamerinnerthememetropolis.sty
Package: beamerinnerthememetropolis 2017/01/23 Metropolis inner theme

(C:\Users\Saugat Khatiwada\AppData\Local\Programs\MiKTeX\tex/latex/tools\calc.s
ty
Package: calc 2023/07/08 v4.3 Infix arithmetic (KKT,FJ)
\calc@Acount=\count336
\calc@Bcount=\count337
\calc@Adimen=\dimen294
\calc@Bdimen=\dimen295
\calc@Askip=\skip66
\calc@Bskip=\skip67
LaTeX Info: Redefining \setlength on input line 80.
LaTeX Info: Redefining \addtolength on input line 81.
\calc@Ccount=\count338
\calc@Cskip=\skip68
)
(C:\Users\Saugat Khatiwada\AppData\Local\Programs\MiKTeX\tex/latex/pgf/frontend
layer\tikz.sty
(C:\Users\Saugat Khatiwada\AppData\Local\Programs\MiKTeX\tex/latex/pgf/basiclay
er\pgf.sty
Package: pgf 2023-01-15 v3.1.10 (3.1.10)

(C:\Users\Saugat Khatiwada\AppData\Local\Programs\MiKTeX\tex/generic/pgf/module
s\pgfmoduleshapes.code.tex
File: pgfmoduleshapes.code.tex 2023-01-15 v3.1.10 (3.1.10)
\pgfnodeparttextbox=\box76
)
(C:\Users\Saugat Khatiwada\AppData\Local\Programs\MiKTeX\tex/generic/pgf/module
s\pgfmoduleplot.code.tex
File: pgfmoduleplot.code.tex 2023-01-15 v3.1.10 (3.1.10)
)
(C:\Users\Saugat Khatiwada\AppData\Local\Programs\MiKTeX\tex/latex/pgf/compatib
ility\pgfcomp-version-0-65.sty
Package: pgfcomp-version-0-65 2023-01-15 v3.1.10 (3.1.10)
\pgf@nodesepstart=\dimen296
\pgf@nodesepend=\dimen297
)
(C:\Users\Saugat Khatiwada\AppData\Local\Programs\MiKTeX\tex/latex/pgf/compatib
ility\pgfcomp-version-1-18.sty
Package: pgfcomp-version-1-18 2023-01-15 v3.1.10 (3.1.10)
))
(C:\Users\Saugat Khatiwada\AppData\Local\Programs\MiKTeX\tex/latex/pgf/utilitie
s\pgffor.sty
(C:\Users\Saugat Khatiwada\AppData\Local\Programs\MiKTeX\tex/generic/pgf/utilit
ies\pgffor.code.tex
Package: pgffor 2023-01-15 v3.1.10 (3.1.10)
\pgffor@iter=\dimen298
\pgffor@skip=\dimen299
\pgffor@stack=\toks48
\pgffor@toks=\toks49
))
(C:\Users\Saugat Khatiwada\AppData\Local\Programs\MiKTeX\tex/generic/pgf/fronte
ndlayer/tikz\tikz.code.tex
Package: tikz 2023-01-15 v3.1.10 (3.1.10)

(C:\Users\Saugat Khatiwada\AppData\Local\Programs\MiKTeX\tex/generic/pgf/librar
ies\pgflibraryplothandlers.code.tex
File: pgflibraryplothandlers.code.tex 2023-01-15 v3.1.10 (3.1.10)
\pgf@plot@mark@count=\count339
\pgfplotmarksize=\dimen300
)
\tikz@lastx=\dimen301
\tikz@lasty=\dimen302
\tikz@lastxsaved=\dimen303
\tikz@lastysaved=\dimen304
\tikz@lastmovetox=\dimen305
\tikz@lastmovetoy=\dimen306
\tikzleveldistance=\dimen307
\tikzsiblingdistance=\dimen308
\tikz@figbox=\box77
\tikz@figbox@bg=\box78
\tikz@tempbox=\box79
\tikz@tempbox@bg=\box80
\tikztreelevel=\count340
\tikznumberofchildren=\count341
\tikznumberofcurrentchild=\count342
\tikz@fig@count=\count343

(C:\Users\Saugat Khatiwada\AppData\Local\Programs\MiKTeX\tex/generic/pgf/module
s\pgfmodulematrix.code.tex
File: pgfmodulematrix.code.tex 2023-01-15 v3.1.10 (3.1.10)
\pgfmatrixcurrentrow=\count344
\pgfmatrixcurrentcolumn=\count345
\pgf@matrix@numberofcolumns=\count346
)
\tikz@expandcount=\count347

(C:\Users\Saugat Khatiwada\AppData\Local\Programs\MiKTeX\tex/generic/pgf/fronte
ndlayer/tikz/libraries\tikzlibrarytopaths.code.tex
File: tikzlibrarytopaths.code.tex 2023-01-15 v3.1.10 (3.1.10)
)))
\metropolis@titleseparator@linewidth=\skip69
\metropolis@progressonsectionpage=\skip70
\metropolis@progressonsectionpage@linewidth=\skip71
\metropolis@blocksep=\skip72
\metropolis@blockadjust=\skip73
\metropolis@parskip=\skip74
)
(C:\Users\Saugat Khatiwada\AppData\Local\Programs\MiKTeX\tex/latex/beamertheme-
metropolis\beamerouterthememetropolis.sty
Package: beamerouterthememetropolis 2017/01/23 Metropolis outer theme
\metropolis@frametitle@padding=\skip75
\metropolis@progressinheadfoot=\skip76
\metropolis@progressinheadfoot@linewidth=\skip77
)
(C:\Users\Saugat Khatiwada\AppData\Local\Programs\MiKTeX\tex/latex/beamertheme-
metropolis\beamercolorthememetropolis.sty
Package: beamercolorthememetropolis 2017/01/23 Metropolis color theme
)
(C:\Users\Saugat Khatiwada\AppData\Local\Programs\MiKTeX\tex/latex/beamertheme-
metropolis\beamerfontthememetropolis.sty
Package: beamerfontthememetropolis 2017/01/23 Metropolis font theme

(C:\Users\Saugat Khatiwada\AppData\Local\Programs\MiKTeX\tex/generic/iftex\ifxe
tex.sty
Package: ifxetex 2019/10/25 v0.7 ifxetex legacy package. Use iftex instead.
)
(C:\Users\Saugat Khatiwada\AppData\Local\Programs\MiKTeX\tex/generic/iftex\iflu
atex.sty
Package: ifluatex 2019/10/25 v1.5 ifluatex legacy package. Use iftex instead.
)

Package beamerthememetropolis Warning: You need to compile with XeLaTeX or LuaL
aTeX to use the Fira fonts on input line 95.

))
(C:\Users\Saugat Khatiwada\AppData\Local\Programs\MiKTeX\tex/latex/booktabs\boo
ktabs.sty
Package: booktabs 2020/01/12 v1.61803398 Publication quality tables
\heavyrulewidth=\dimen309
\lightrulewidth=\dimen310
\cmidrulewidth=\dimen311
\belowrulesep=\dimen312
\belowbottomsep=\dimen313
\aboverulesep=\dimen314
\abovetopsep=\dimen315
\cmidrulesep=\dimen316
\cmidrulekern=\dimen317
\defaultaddspace=\dimen318
\@cmidla=\count348
\@cmidlb=\count349
\@aboverulesep=\dimen319
\@belowrulesep=\dimen320
\@thisruleclass=\count350
\@lastruleclass=\count351
\@thisrulewidth=\dimen321
)
(C:\Users\Saugat Khatiwada\AppData\Local\Programs\MiKTeX\tex/latex/algorithms\a
lgorithm.sty
Package: algorithm 2009/08/24 v0.1 Document Style `algorithm' - floating enviro
nment

(C:\Users\Saugat Khatiwada\AppData\Local\Programs\MiKTeX\tex/latex/float\float.
sty
Package: float 2001/11/08 v1.3d Float enhancements (AL)
\c@float@type=\count352
\float@exts=\toks50
\float@box=\box81
\@float@everytoks=\toks51
\@floatcapt=\box82
)
(C:\Users\Saugat Khatiwada\AppData\Local\Programs\MiKTeX\tex/latex/base\ifthen.
sty
Package: ifthen 2022/04/13 v1.1d Standard LaTeX ifthen package (DPC)
)
\@float@every@algorithm=\toks52
\c@algorithm=\count353
)
(C:\Users\Saugat Khatiwada\AppData\Local\Programs\MiKTeX\tex/latex/algorithms\a
lgorithmic.sty
Package: algorithmic 2009/08/24 v0.1 Document Style `algorithmic'
\c@ALC@unique=\count354
\c@ALC@line=\count355
\c@ALC@rem=\count356
\c@ALC@depth=\count357
\ALC@tlm=\skip78
\algorithmicindent=\skip79
)
(C:\Users\Saugat Khatiwada\AppData\Local\Programs\MiKTeX\tex/generic/pgf/fronte
ndlayer/tikz/libraries\tikzlibraryshapes.code.tex
File: tikzlibraryshapes.code.tex 2023-01-15 v3.1.10 (3.1.10)

(C:\Users\Saugat Khatiwada\AppData\Local\Programs\MiKTeX\tex/generic/pgf/fronte
ndlayer/tikz/libraries\tikzlibraryshapes.geometric.code.tex
File: tikzlibraryshapes.geometric.code.tex 2023-01-15 v3.1.10 (3.1.10)

(C:\Users\Saugat Khatiwada\AppData\Local\Programs\MiKTeX\tex/generic/pgf/librar
ies/shapes\pgflibraryshapes.geometric.code.tex
File: pgflibraryshapes.geometric.code.tex 2023-01-15 v3.1.10 (3.1.10)
))
(C:\Users\Saugat Khatiwada\AppData\Local\Programs\MiKTeX\tex/generic/pgf/fronte
ndlayer/tikz/libraries\tikzlibraryshapes.misc.code.tex
File: tikzlibraryshapes.misc.code.tex 2023-01-15 v3.1.10 (3.1.10)

(C:\Users\Saugat Khatiwada\AppData\Local\Programs\MiKTeX\tex/generic/pgf/librar
ies/shapes\pgflibraryshapes.misc.code.tex
File: pgflibraryshapes.misc.code.tex 2023-01-15 v3.1.10 (3.1.10)
))
(C:\Users\Saugat Khatiwada\AppData\Local\Programs\MiKTeX\tex/generic/pgf/fronte
ndlayer/tikz/libraries\tikzlibraryshapes.symbols.code.tex
File: tikzlibraryshapes.symbols.code.tex 2023-01-15 v3.1.10 (3.1.10)

(C:\Users\Saugat Khatiwada\AppData\Local\Programs\MiKTeX\tex/generic/pgf/librar
ies/shapes\pgflibraryshapes.symbols.code.tex
File: pgflibraryshapes.symbols.code.tex 2023-01-15 v3.1.10 (3.1.10)
))
(C:\Users\Saugat Khatiwada\AppData\Local\Programs\MiKTeX\tex/generic/pgf/fronte
ndlayer/tikz/libraries\tikzlibraryshapes.arrows.code.tex
File: tikzlibraryshapes.arrows.code.tex 2023-01-15 v3.1.10 (3.1.10)

(C:\Users\Saugat Khatiwada\AppData\Local\Programs\MiKTeX\tex/generic/pgf/librar
ies/shapes\pgflibraryshapes.arrows.code.tex
File: pgflibraryshapes.arrows.code.tex 2023-01-15 v3.1.10 (3.1.10)
))
(C:\Users\Saugat Khatiwada\AppData\Local\Programs\MiKTeX\tex/generic/pgf/fronte
ndlayer/tikz/libraries\tikzlibraryshapes.callouts.code.tex
(C:\Users\Saugat Khatiwada\AppData\Local\Programs\MiKTeX\tex/generic/pgf/librar
ies/shapes\pgflibraryshapes.callouts.code.tex))
(C:\Users\Saugat Khatiwada\AppData\Local\Programs\MiKTeX\tex/generic/pgf/fronte
ndlayer/tikz/libraries\tikzlibraryshapes.multipart.code.tex
File: tikzlibraryshapes.multipart.code.tex 2023-01-15 v3.1.10 (3.1.10)

(C:\Users\Saugat Khatiwada\AppData\Local\Programs\MiKTeX\tex/generic/pgf/librar
ies/shapes\pgflibraryshapes.multipart.code.tex
File: pgflibraryshapes.multipart.code.tex 2023-01-15 v3.1.10 (3.1.10)
\pgfnodepartlowerbox=\box83
\pgfnodeparttwobox=\box84
\pgfnodepartthreebox=\box85
\pgfnodepartfourbox=\box86
\pgfnodeparttwentybox=\box87
\pgfnodepartnineteenbox=\box88
\pgfnodeparteighteenbox=\box89
\pgfnodepartseventeenbox=\box90
\pgfnodepartsixteenbox=\box91
\pgfnodepartfifteenbox=\box92
\pgfnodepartfourteenbox=\box93
\pgfnodepartthirteenbox=\box94
\pgfnodeparttwelvebox=\box95
\pgfnodepartelevenbox=\box96
\pgfnodeparttenbox=\box97
\pgfnodepartninebox=\box98
\pgfnodeparteightbox=\box99
\pgfnodepartsevenbox=\box100
\pgfnodepartsixbox=\box101
\pgfnodepartfivebox=\box102
)))
(C:\Users\Saugat Khatiwada\AppData\Local\Programs\MiKTeX\tex/generic/pgf/fronte
ndlayer/tikz/libraries\tikzlibraryarrows.code.tex
File: tikzlibraryarrows.code.tex 2023-01-15 v3.1.10 (3.1.10)

(C:\Users\Saugat Khatiwada\AppData\Local\Programs\MiKTeX\tex/generic/pgf/librar
ies\pgflibraryarrows.code.tex
File: pgflibraryarrows.code.tex 2023-01-15 v3.1.10 (3.1.10)
\arrowsize=\dimen322
))
(C:\Users\Saugat Khatiwada\AppData\Local\Programs\MiKTeX\tex/generic/pgf/fronte
ndlayer/tikz/libraries\tikzlibrarypositioning.code.tex
File: tikzlibrarypositioning.code.tex 2023-01-15 v3.1.10 (3.1.10)
)
(C:\Users\Saugat Khatiwada\AppData\Local\Programs\MiKTeX\tex/latex/l3backend\l3
backend-pdftex.def
File: l3backend-pdftex.def 2024-01-04 L3 backend support: PDF output (pdfTeX)
\l__color_backend_stack_int=\count358
\l__pdf_internal_box=\box103
) (sample_clustering.aux)
\openout1 = `sample_clustering.aux'.

LaTeX Font Info:    Checking defaults for OML/cmm/m/it on input line 17.
LaTeX Font Info:    ... okay on input line 17.
LaTeX Font Info:    Checking defaults for OMS/cmsy/m/n on input line 17.
LaTeX Font Info:    ... okay on input line 17.
LaTeX Font Info:    Checking defaults for OT1/cmr/m/n on input line 17.
LaTeX Font Info:    ... okay on input line 17.
LaTeX Font Info:    Checking defaults for T1/cmr/m/n on input line 17.
LaTeX Font Info:    ... okay on input line 17.
LaTeX Font Info:    Checking defaults for TS1/cmr/m/n on input line 17.
LaTeX Font Info:    ... okay on input line 17.
LaTeX Font Info:    Checking defaults for OMX/cmex/m/n on input line 17.
LaTeX Font Info:    ... okay on input line 17.
LaTeX Font Info:    Checking defaults for U/cmr/m/n on input line 17.
LaTeX Font Info:    ... okay on input line 17.
LaTeX Font Info:    Checking defaults for PD1/pdf/m/n on input line 17.
LaTeX Font Info:    ... okay on input line 17.
LaTeX Font Info:    Checking defaults for PU/pdf/m/n on input line 17.
LaTeX Font Info:    ... okay on input line 17.

*geometry* driver: auto-detecting
*geometry* detected driver: pdftex
*geometry* verbose mode - [ preamble ] result:
* driver: pdftex
* paper: custom
* layout: <same size as paper>
* layoutoffset:(h,v)=(0.0pt,0.0pt)
* modes: includehead includefoot 
* h-part:(L,W,R)=(28.45274pt, 307.28987pt, 28.45274pt)
* v-part:(T,H,B)=(0.0pt, 273.14662pt, 0.0pt)
* \paperwidth=364.19536pt
* \paperheight=273.14662pt
* \textwidth=307.28987pt
* \textheight=244.6939pt
* \oddsidemargin=-43.81725pt
* \evensidemargin=-43.81725pt
* \topmargin=-72.26999pt
* \headheight=14.22636pt
* \headsep=0.0pt
* \topskip=10.0pt
* \footskip=14.22636pt
* \marginparwidth=3.0pt
* \marginparsep=11.0pt
* \columnsep=10.0pt
* \skip\footins=9.0pt plus 4.0pt minus 2.0pt
* \hoffset=0.0pt
* \voffset=0.0pt
* \mag=1000
* \@twocolumnfalse
* \@twosidefalse
* \@mparswitchfalse
* \@reversemarginfalse
* (1in=72.27pt=25.4mm, 1cm=28.453pt)


(C:\Users\Saugat Khatiwada\AppData\Local\Programs\MiKTeX\tex/context/base/mkii\
supp-pdf.mkii
[Loading MPS to PDF converter (version 2006.09.02).]
\scratchcounter=\count359
\scratchdimen=\dimen323
\scratchbox=\box104
\nofMPsegments=\count360
\nofMParguments=\count361
\everyMPshowfont=\toks53
\MPscratchCnt=\count362
\MPscratchDim=\dimen324
\MPnumerator=\count363
\makeMPintoPDFobject=\count364
\everyMPtoPDFconversion=\toks54
)
(C:\Users\Saugat Khatiwada\AppData\Local\Programs\MiKTeX\tex/latex/epstopdf-pkg
\epstopdf-base.sty
Package: epstopdf-base 2020-01-24 v2.11 Base part for package epstopdf
Package epstopdf-base Info: Redefining graphics rule for `.eps' on input line 4
85.

(C:\Users\Saugat Khatiwada\AppData\Local\Programs\MiKTeX\tex/latex/00miktex\eps
topdf-sys.cfg
File: epstopdf-sys.cfg 2021/03/18 v2.0 Configuration of epstopdf for MiKTeX
))
Package hyperref Info: Link coloring OFF on input line 17.
 (sample_clustering.out) (sample_clustering.out)
\@outlinefile=\write5
\openout5 = `sample_clustering.out'.

LaTeX Font Info:    Overwriting symbol font `operators' in version `normal'
(Font)                  OT1/cmr/m/n --> OT1/cmss/m/n on input line 17.
LaTeX Font Info:    Overwriting symbol font `operators' in version `bold'
(Font)                  OT1/cmr/bx/n --> OT1/cmss/b/n on input line 17.
\symnumbers=\mathgroup6
\sympureletters=\mathgroup7
LaTeX Font Info:    Overwriting math alphabet `\mathrm' in version `normal'
(Font)                  OT1/cmss/m/n --> OT1/cmr/m/n on input line 17.
LaTeX Font Info:    Redeclaring math alphabet \mathbf on input line 17.
LaTeX Font Info:    Overwriting math alphabet `\mathbf' in version `normal'
(Font)                  OT1/cmr/bx/n --> OT1/cmss/b/n on input line 17.
LaTeX Font Info:    Overwriting math alphabet `\mathbf' in version `bold'
(Font)                  OT1/cmr/bx/n --> OT1/cmss/b/n on input line 17.
LaTeX Font Info:    Redeclaring math alphabet \mathsf on input line 17.
LaTeX Font Info:    Overwriting math alphabet `\mathsf' in version `normal'
(Font)                  OT1/cmss/m/n --> OT1/cmss/m/n on input line 17.
LaTeX Font Info:    Overwriting math alphabet `\mathsf' in version `bold'
(Font)                  OT1/cmss/bx/n --> OT1/cmss/m/n on input line 17.
LaTeX Font Info:    Redeclaring math alphabet \mathit on input line 17.
LaTeX Font Info:    Overwriting math alphabet `\mathit' in version `normal'
(Font)                  OT1/cmr/m/it --> OT1/cmss/m/it on input line 17.
LaTeX Font Info:    Overwriting math alphabet `\mathit' in version `bold'
(Font)                  OT1/cmr/bx/it --> OT1/cmss/m/it on input line 17.
LaTeX Font Info:    Redeclaring math alphabet \mathtt on input line 17.
LaTeX Font Info:    Overwriting math alphabet `\mathtt' in version `normal'
(Font)                  OT1/cmtt/m/n --> OT1/cmtt/m/n on input line 17.
LaTeX Font Info:    Overwriting math alphabet `\mathtt' in version `bold'
(Font)                  OT1/cmtt/m/n --> OT1/cmtt/m/n on input line 17.
LaTeX Font Info:    Overwriting symbol font `numbers' in version `bold'
(Font)                  OT1/cmss/m/n --> OT1/cmss/b/n on input line 17.
LaTeX Font Info:    Overwriting symbol font `pureletters' in version `bold'
(Font)                  OT1/cmss/m/it --> OT1/cmss/b/it on input line 17.
LaTeX Font Info:    Overwriting math alphabet `\mathrm' in version `bold'
(Font)                  OT1/cmss/b/n --> OT1/cmr/b/n on input line 17.
LaTeX Font Info:    Overwriting math alphabet `\mathbf' in version `bold'
(Font)                  OT1/cmss/b/n --> OT1/cmss/b/n on input line 17.
LaTeX Font Info:    Overwriting math alphabet `\mathsf' in version `bold'
(Font)                  OT1/cmss/m/n --> OT1/cmss/b/n on input line 17.
LaTeX Font Info:    Overwriting math alphabet `\mathit' in version `bold'
(Font)                  OT1/cmss/m/it --> OT1/cmss/b/it on input line 17.
LaTeX Font Info:    Overwriting math alphabet `\mathtt' in version `bold'
(Font)                  OT1/cmtt/m/n --> OT1/cmtt/b/n on input line 17.
LaTeX Font Info:    Redeclaring symbol font `pureletters' on input line 17.
LaTeX Font Info:    Overwriting symbol font `pureletters' in version `normal'
(Font)                  OT1/cmss/m/it --> OT1/mathkerncmss/m/sl on input line 1
7.
LaTeX Font Info:    Overwriting symbol font `pureletters' in version `bold'
(Font)                  OT1/cmss/b/it --> OT1/mathkerncmss/m/sl on input line 1
7.
LaTeX Font Info:    Overwriting symbol font `pureletters' in version `bold'
(Font)                  OT1/mathkerncmss/m/sl --> OT1/mathkerncmss/bx/sl on inp
ut line 17.

(C:\Users\Saugat Khatiwada\AppData\Local\Programs\MiKTeX\tex/latex/translator\t
ranslator-basic-dictionary-English.dict
Dictionary: translator-basic-dictionary, Language: English 
)
(C:\Users\Saugat Khatiwada\AppData\Local\Programs\MiKTeX\tex/latex/translator\t
ranslator-bibliography-dictionary-English.dict
Dictionary: translator-bibliography-dictionary, Language: English 
)
(C:\Users\Saugat Khatiwada\AppData\Local\Programs\MiKTeX\tex/latex/translator\t
ranslator-environment-dictionary-English.dict
Dictionary: translator-environment-dictionary, Language: English 
)
(C:\Users\Saugat Khatiwada\AppData\Local\Programs\MiKTeX\tex/latex/translator\t
ranslator-months-dictionary-English.dict
Dictionary: translator-months-dictionary, Language: English 
)
(C:\Users\Saugat Khatiwada\AppData\Local\Programs\MiKTeX\tex/latex/translator\t
ranslator-numbers-dictionary-English.dict
Dictionary: translator-numbers-dictionary, Language: English 
)
(C:\Users\Saugat Khatiwada\AppData\Local\Programs\MiKTeX\tex/latex/translator\t
ranslator-theorem-dictionary-English.dict
Dictionary: translator-theorem-dictionary, Language: English 
) (sample_clustering.nav)
Overfull \vbox (13.79993pt too high) detected at line 19
 []

[1

{C:/Users/Saugat Khatiwada/AppData/Local/MiKTeX/fonts/map/pdftex/pdftex.map}] (
sample_clustering.toc) [2

]
LaTeX Font Info:    Trying to load font information for U+msa on input line 29.


(C:\Users\Saugat Khatiwada\AppData\Local\Programs\MiKTeX\tex/latex/amsfonts\ums
a.fd
File: umsa.fd 2013/01/14 v3.01 AMS symbols A
)
LaTeX Font Info:    Trying to load font information for U+msb on input line 29.


(C:\Users\Saugat Khatiwada\AppData\Local\Programs\MiKTeX\tex/latex/amsfonts\ums
b.fd
File: umsb.fd 2013/01/14 v3.01 AMS symbols B
)
LaTeX Font Info:    Trying to load font information for OT1+mathkerncmss on inp
ut line 29.

(C:\Users\Saugat Khatiwada\AppData\Local\Programs\MiKTeX\tex/latex/sansmathacce
nt\ot1mathkerncmss.fd
File: ot1mathkerncmss.fd 2020/01/31 Fontinst v1.933 font definitions for OT1/ma
thkerncmss.
) [3

]
LaTeX Font Info:    Trying to load font information for TS1+cmss on input line 
47.

(C:\Users\Saugat Khatiwada\AppData\Local\Programs\MiKTeX\tex/latex/base\ts1cmss
.fd
File: ts1cmss.fd 2023/04/13 v2.5m Standard LaTeX font definitions
) [4

] [5

] [6

] [7

] [8

] [9

] [10

] [11

] [12

] [13

]
LaTeX Font Info:    Trying to load font information for OMS+cmss on input line 
228.
LaTeX Font Info:    No file OMScmss.fd. on input line 228.


LaTeX Font Warning: Font shape `OMS/cmss/m/n' undefined
(Font)              using `OMS/cmsy/m/n' instead
(Font)              for symbol `textbraceleft' on input line 228.

[14

] [15

] [16

] [17

] [18

] [19

] [20

] [21

] [22

] [23

]
\tf@nav=\write6
\openout6 = `sample_clustering.nav'.

\tf@toc=\write7
\openout7 = `sample_clustering.toc'.

\tf@snm=\write8
\openout8 = `sample_clustering.snm'.

 (sample_clustering.aux)
 ***********
LaTeX2e <2023-11-01> patch level 1
L3 programming layer <2024-01-04>
 ***********


LaTeX Font Warning: Some font shapes were not available, defaults substituted.

Package rerunfilecheck Info: File `sample_clustering.out' has not changed.
(rerunfilecheck)             Checksum: 2F7CC5F753BA23EAF1C92C51FC67B7F4;633.
 ) 
Here is how much of TeX's memory you used:
 28022 strings out of 474486
 595274 string characters out of 5738526
 1933542 words of memory out of 5000000
 49675 multiletter control sequences out of 15000+600000
 568490 words of font info for 73 fonts, out of 8000000 for 9000
 1141 hyphenation exceptions out of 8191
 128i,13n,123p,1886b,759s stack positions out of 10000i,1000n,20000p,200000b,200000s
 <C:\Users\Saugat Khatiwada\AppData\Local\MiKTeX\fonts/pk/ljfour/jknappen/ec/
dpi600\tcss1000.pk><C:/Users/Saugat Khatiwada/AppData/Local/Programs/MiKTeX/fon
ts/type1/public/amsfonts/cm/cmex10.pfb><C:/Users/Saugat Khatiwada/AppData/Local
/Programs/MiKTeX/fonts/type1/public/amsfonts/cmextra/cmex7.pfb><C:/Users/Saugat
 Khatiwada/AppData/Local/Programs/MiKTeX/fonts/type1/public/amsfonts/cm/cmmi10.
pfb><C:/Users/Saugat Khatiwada/AppData/Local/Programs/MiKTeX/fonts/type1/public
/amsfonts/cm/cmmi7.pfb><C:/Users/Saugat Khatiwada/AppData/Local/Programs/MiKTeX
/fonts/type1/public/amsfonts/cm/cmss10.pfb><C:/Users/Saugat Khatiwada/AppData/L
ocal/Programs/MiKTeX/fonts/type1/public/amsfonts/cm/cmss12.pfb><C:/Users/Saugat
 Khatiwada/AppData/Local/Programs/MiKTeX/fonts/type1/public/amsfonts/cm/cmss8.p
fb><C:/Users/Saugat Khatiwada/AppData/Local/Programs/MiKTeX/fonts/type1/public/
amsfonts/cm/cmss9.pfb><C:/Users/Saugat Khatiwada/AppData/Local/Programs/MiKTeX/
fonts/type1/public/amsfonts/cm/cmssbx10.pfb><C:/Users/Saugat Khatiwada/AppData/
Local/Programs/MiKTeX/fonts/type1/public/amsfonts/cm/cmssi10.pfb><C:/Users/Saug
at Khatiwada/AppData/Local/Programs/MiKTeX/fonts/type1/public/amsfonts/cm/cmssi
8.pfb><C:/Users/Saugat Khatiwada/AppData/Local/Programs/MiKTeX/fonts/type1/publ
ic/amsfonts/cm/cmsy10.pfb><C:/Users/Saugat Khatiwada/AppData/Local/Programs/MiK
TeX/fonts/type1/public/amsfonts/cm/cmsy7.pfb>
Output written on sample_clustering.pdf (23 pages, 184790 bytes).
PDF statistics:
 243 PDF objects out of 1000 (max. 8388607)
 51 named destinations out of 1000 (max. 500000)
 75 words of extra memory for PDF output out of 10000 (max. 10000000)

